#
# A fatal error has been detected by the Java Runtime Environment:
#
#  EXCEPTION_ACCESS_VIOLATION (0xc0000005) at pc=0x0000000035b76e73, pid=2280, tid=2520
#
# JRE version: 6.0_17-b04
# Java VM: Java HotSpot(TM) 64-Bit Server VM (14.3-b01 mixed mode windows-amd64 )
# Problematic frame:
# J  java.nio.DirectByteBuffer.putLong(JJ)Ljava/nio/ByteBuffer;
#
# If you would like to submit a bug report, please visit:
#   http://java.sun.com/webapps/bugreport/crash.jsp
#

---------------  T H R E A D  ---------------

Current thread (0x0000000066f1b800):  JavaThread "Main message loop" daemon [_thread_in_Java, id=2520, stack(0x0000000019a60000,0x0000000019ae0000)]

siginfo: ExceptionCode=0xc0000005, writing address 0x000007fee4545570

Registers:
EAX=0x0000000038e593c0, EBX=0x0000000038e593c0, ECX=0x000000004b1a8480, EDX=0x000000004b1a8480
ESP=0x0000000019acd5e0, EBP=0x0000000019acd688, ESI=0x000000003cb645f0, EDI=0x0000000035675969
EIP=0x0000000035b76e73, EFLAGS=0x0000000000010202

Top of Stack: (sp=0x0000000019acd5e0)
0x0000000019acd5e0:   000007fee4545570 000000004b1a8480
0x0000000019acd5f0:   000000003568c263 0000000035674e90
0x0000000019acd600:   0000000019acd688 0000000035675969
0x0000000019acd610:   0000000019acd688 0000000035675969
0x0000000019acd620:   11cf98b53050f1ff 00000000356759f3
0x0000000019acd630:   000007fee4545570 000000004b1a8480
0x0000000019acd640:   000000004b1a8480 0000000019acd648
0x0000000019acd650:   0000000038e59555 0000000019acd6b0
0x0000000019acd660:   0000000038e5bf30 000000003cf0bd58
0x0000000019acd670:   0000000038e59560 0000000019acd620
0x0000000019acd680:   0000000019acd698 0000000019acd6f8
0x0000000019acd690:   0000000035675969 11cf98b53050f1ff
0x0000000019acd6a0:   0000000000000000 0000000000000000
0x0000000019acd6b0:   000000004b1a8480 0000000019acd6b8
0x0000000019acd6c0:   000000003c9ddb0f 0000000019acd720
0x0000000019acd6d0:   000000003c9dec40 000000003cf36df0 

Instructions: (pc=0x0000000035b76e73)
0x0000000035b76e63:   24 08 44 0f be 5a 2e 45 85 db 74 18 4c 8b 14 24
0x0000000035b76e73:   4d 89 0a 48 8b 44 24 08 48 83 c4 20 5d 85 05 7a 


Stack: [0x0000000019a60000,0x0000000019ae0000],  sp=0x0000000019acd5e0,  free space=437k
Native frames: (J=compiled Java code, j=interpreted, Vv=VM code, C=native code)
J  java.nio.DirectByteBuffer.putLong(JJ)Ljava/nio/ByteBuffer;
j  com.jniwrapper.g.writePointer(IJ)V+15
j  com.jniwrapper.win32.automation.types.SafeArray.setHandle(J)V+9
j  com.jniwrapper.win32.automation.types.SafeArray.a(J)V+8
j  com.jniwrapper.win32.automation.types.SafeArray.acceptIOPerformer(Lcom/jniwrapper/IOPerformer;Lcom/jniwrapper/DataBuffer;IZZ)V+21
J  com.jniwrapper.Pointer.readReferencedObject(Z)V
j  com.jniwrapper.win32.automation.types.Variant.b(Lcom/jniwrapper/DataBuffer;IZILcom/jniwrapper/Parameter;)V+61
j  com.jniwrapper.win32.automation.types.Variant.read(Lcom/jniwrapper/DataBuffer;IZ)V+35
j  com.jniwrapper.win32.automation.types.Variant.acceptIOPerformer(Lcom/jniwrapper/IOPerformer;Lcom/jniwrapper/DataBuffer;IZZ)V+21


---------------  P R O C E S S  ---------------

Java Threads: ( => current thread )
  0x0000000066f14800 JavaThread "Timer-561" daemon [_thread_blocked, id=6860, stack(0x00000000198b0000,0x0000000019930000)]
=>0x0000000066f1b800 JavaThread "Main message loop" daemon [_thread_in_Java, id=2520, stack(0x0000000019a60000,0x0000000019ae0000)]
  0x0000000066f1f000 JavaThread "com.jniwrapper.NativeResourceCollector" daemon [_thread_blocked, id=4192, stack(0x0000000019b00000,0x0000000019b80000)]
  0x0000000066f23000 JavaThread "Code Analyzer updating thread" [_thread_blocked, id=1164, stack(0x00000000193f0000,0x0000000019470000)]
  0x0000000066f20000 JavaThread "Foxtrot Single Worker Thread #1" daemon [_thread_blocked, id=4072, stack(0x00000000199b0000,0x0000000019a30000)]
  0x0000000066f23800 JavaThread "Code Analyzer updating thread" [_thread_blocked, id=3176, stack(0x0000000019930000,0x00000000199b0000)]
  0x0000000066f22000 JavaThread "Code Analyzer updating thread" [_thread_blocked, id=5652, stack(0x0000000018eb0000,0x0000000018f30000)]
  0x0000000066f15000 JavaThread "Explorer NavigationContext request queue" [_thread_blocked, id=5160, stack(0x000000000ff50000,0x000000000ffd0000)]
  0x0000000066f1c800 JavaThread "Code Analyzer updating thread" [_thread_blocked, id=3060, stack(0x000000000d2f0000,0x000000000d370000)]
  0x0000000066f1d000 JavaThread "Prefs Updater" daemon [_thread_blocked, id=5352, stack(0x0000000008c80000,0x0000000008d00000)]
  0x0000000066f1d800 JavaThread "Swing-Shell" daemon [_thread_blocked, id=3284, stack(0x0000000008a80000,0x0000000008b00000)]
  0x0000000066f19800 JavaThread "Code Analyzer updating thread" [_thread_blocked, id=7048, stack(0x000000000fec0000,0x000000000ff40000)]
  0x0000000066f17000 JavaThread "Active Reference Queue Daemon" daemon [_thread_blocked, id=3236, stack(0x0000000018f50000,0x0000000018fd0000)]
  0x0000000066f16000 JavaThread "Timer-6" daemon [_thread_blocked, id=6440, stack(0x000000000d750000,0x000000000d7d0000)]
  0x0000000066f16800 JavaThread "Timer-5" daemon [_thread_blocked, id=696, stack(0x000000000fd80000,0x000000000fe00000)]
  0x0000000009c1b800 JavaThread "AddressBar directory emptiness poller" [_thread_blocked, id=1748, stack(0x000000000fe10000,0x000000000fe90000)]
  0x0000000009c1b000 JavaThread "Explorer Refresh Service 1874421134" [_thread_blocked, id=2272, stack(0x000000000fbf0000,0x000000000fc70000)]
  0x0000000009c19800 JavaThread "Timer-1" daemon [_thread_blocked, id=6084, stack(0x000000000f710000,0x000000000f790000)]
  0x0000000009c17800 JavaThread "TimerQueue" daemon [_thread_blocked, id=4940, stack(0x000000000d830000,0x000000000d8b0000)]
  0x0000000009c14800 JavaThread "Thread-5" daemon [_thread_blocked, id=704, stack(0x000000000d370000,0x000000000d3f0000)]
  0x0000000009c16800 JavaThread "FelixPackageAdmin" daemon [_thread_blocked, id=6884, stack(0x000000000d440000,0x000000000d4c0000)]
  0x0000000009c16000 JavaThread "FelixStartLevel" daemon [_thread_blocked, id=2428, stack(0x000000000d0e0000,0x000000000d160000)]
  0x0000000009c15000 JavaThread "FelixDispatchQueue" daemon [_thread_blocked, id=3040, stack(0x000000000ce10000,0x000000000ce90000)]
  0x0000000009c14000 JavaThread "AWT-EventQueue-0" [_thread_blocked, id=576, stack(0x000000000c9b0000,0x000000000ca30000)]
  0x0000000009c13000 JavaThread "com.google.common.base.internal.Finalizer" daemon [_thread_blocked, id=6800, stack(0x000000000cec0000,0x000000000cf40000)]
  0x0000000009c11800 JavaThread "AWT-Windows" daemon [_thread_in_native, id=6300, stack(0x000000000bbc0000,0x000000000bc40000)]
  0x0000000009c11000 JavaThread "AWT-Shutdown" [_thread_blocked, id=6752, stack(0x000000000ca50000,0x000000000cad0000)]
  0x0000000009c10000 JavaThread "Java2D Disposer" daemon [_thread_blocked, id=5780, stack(0x000000000c830000,0x000000000c8b0000)]
  0x0000000009c0f800 JavaThread "Timer-0" [_thread_blocked, id=6916, stack(0x000000000c8f0000,0x000000000c970000)]
  0x0000000009c0e800 JavaThread "EventMgr Dispatcher" daemon [_thread_in_native, id=2344, stack(0x0000000010e70000,0x0000000014e70000)]
  0x0000000009c0d000 JavaThread "Low Memory Detector" daemon [_thread_blocked, id=4480, stack(0x0000000009f50000,0x0000000009fd0000)]
  0x0000000009c2c800 JavaThread "CompilerThread1" daemon [_thread_blocked, id=1032, stack(0x0000000084070000,0x0000000088070000)]
  0x0000000009c21000 JavaThread "CompilerThread0" daemon [_thread_blocked, id=6960, stack(0x0000000080000000,0x0000000084000000)]
  0x0000000009c0c800 JavaThread "Attach Listener" daemon [_thread_blocked, id=4160, stack(0x00000000088e0000,0x0000000008960000)]
  0x0000000005f0c000 JavaThread "Finalizer" daemon [_thread_blocked, id=5920, stack(0x0000000009da0000,0x0000000009e20000)]
  0x0000000005f0b000 JavaThread "Reference Handler" daemon [_thread_blocked, id=6552, stack(0x0000000009e70000,0x0000000009ef0000)]
  0x0000000005f2e800 JavaThread "main" [_thread_in_native, id=4456, stack(0x00000000001c0000,0x00000000041c0000)]

Other Threads:
  0x0000000009bb2800 VMThread [stack: 0x0000000061340000,0x0000000065340000] [id=4208]
  0x0000000009c5a800 WatcherThread [stack: 0x0000000088220000,0x000000008c220000] [id=6416]

VM state:not at safepoint (normal execution)

VM Mutex/Monitor currently owned by a thread: None

Heap
 PSYoungGen      total 39296K, used 30440K [0x0000000049970000, 0x000000004c980000, 0x000000004ca70000)
  eden space 33728K, 73% used [0x0000000049970000,0x000000004b1ca050,0x000000004ba60000)
  from space 5568K, 98% used [0x000000004bb30000,0x000000004c090018,0x000000004c0a0000)
  to   space 7744K, 0% used [0x000000004c1f0000,0x000000004c1f0000,0x000000004c980000)
 PSOldGen        total 100480K, used 95141K [0x0000000040670000, 0x0000000046890000, 0x0000000049970000)
  object space 100480K, 94% used [0x0000000040670000,0x0000000046359778,0x0000000046890000)
 PSPermGen       total 128448K, used 74614K [0x0000000038670000, 0x00000000403e0000, 0x0000000040670000)
  object space 128448K, 58% used [0x0000000038670000,0x000000003cf4d870,0x00000000403e0000)

Dynamic libraries:
0x000000013fd80000 - 0x000000013fdad000 	C:\Program Files\MATLAB\R2012b\bin\win64\MATLAB.exe
0x0000000076e00000 - 0x0000000076fa8000 	C:\Windows\SYSTEM32\ntdll.dll
0x0000000076ce0000 - 0x0000000076dff000 	C:\Windows\system32\kernel32.dll
0x000007fefcd40000 - 0x000007fefcdac000 	C:\Windows\system32\KERNELBASE.dll
0x0000000074460000 - 0x000000007451f000 	C:\Program Files\MATLAB\R2012b\bin\win64\libut.dll
0x00000000758a0000 - 0x000000007595c000 	C:\Program Files\MATLAB\R2012b\bin\win64\libmwi18n.dll
0x0000000180000000 - 0x000000018000b000 	C:\Program Files\MATLAB\R2012b\bin\win64\libmwresource_core.dll
0x0000000070cd0000 - 0x0000000070da3000 	C:\Windows\WinSxS\amd64_microsoft.vc90.crt_1fc8b3b9a1e18e3b_9.0.30729.6161_none_08e61857a83bc251\MSVCP90.dll
0x0000000072e60000 - 0x0000000072f03000 	C:\Windows\WinSxS\amd64_microsoft.vc90.crt_1fc8b3b9a1e18e3b_9.0.30729.6161_none_08e61857a83bc251\MSVCR90.dll
0x000000007a170000 - 0x000000007a19c000 	C:\Program Files\MATLAB\R2012b\bin\win64\boost_filesystem-vc90-mt-1_44.dll
0x000000007a560000 - 0x000000007a569000 	C:\Program Files\MATLAB\R2012b\bin\win64\boost_system-vc90-mt-1_44.dll
0x000007fefd090000 - 0x000007fefd16b000 	C:\Windows\system32\ADVAPI32.dll
0x000007fefed20000 - 0x000007fefedbf000 	C:\Windows\system32\msvcrt.dll
0x000007fefe2c0000 - 0x000007fefe2df000 	C:\Windows\SYSTEM32\sechost.dll
0x000007fefe5e0000 - 0x000007fefe70d000 	C:\Windows\system32\RPCRT4.dll
0x000000007a010000 - 0x000000007a035000 	C:\Program Files\MATLAB\R2012b\bin\win64\LIBEXPAT.dll
0x00000000696f0000 - 0x00000000698e1000 	C:\Program Files\MATLAB\R2012b\bin\win64\icuin44.dll
0x00000000683c0000 - 0x0000000068531000 	C:\Program Files\MATLAB\R2012b\bin\win64\icuuc44.dll
0x0000000010000000 - 0x0000000010e41000 	C:\Program Files\MATLAB\R2012b\bin\win64\icudt44.dll
0x0000000073f70000 - 0x000000007411d000 	C:\Program Files\MATLAB\R2012b\bin\win64\libmwfl.dll
0x0000000004260000 - 0x0000000004616000 	C:\Program Files\MATLAB\R2012b\bin\win64\libmwMATLAB_res.dll
0x000000007a3b0000 - 0x000000007a3c0000 	C:\Program Files\MATLAB\R2012b\bin\win64\boost_date_time-vc90-mt-1_44.dll
0x000000007a250000 - 0x000000007a263000 	C:\Program Files\MATLAB\R2012b\bin\win64\boost_signals-vc90-mt-1_44.dll
0x000000007a2d0000 - 0x000000007a2e2000 	C:\Program Files\MATLAB\R2012b\bin\win64\boost_thread-vc90-mt-1_44.dll
0x0000000004660000 - 0x000000000471d000 	C:\Program Files\MATLAB\R2012b\bin\win64\boost_log-vc90-mt-1_44.dll
0x0000000076fc0000 - 0x0000000076fc7000 	C:\Windows\system32\PSAPI.DLL
0x000007fefe710000 - 0x000007fefe75d000 	C:\Windows\system32\WS2_32.dll
0x000007fefed10000 - 0x000007fefed18000 	C:\Windows\system32\NSI.dll
0x0000000004730000 - 0x0000000004776000 	C:\Program Files\MATLAB\R2012b\bin\win64\tbb.dll
0x000007fefedc0000 - 0x000007fefedd9000 	C:\Windows\system32\imagehlp.dll
0x0000000069df0000 - 0x0000000069e03000 	C:\Program Files\MATLAB\R2012b\bin\win64\icuio44.dll
0x000007fef6990000 - 0x000007fef6ab5000 	C:\Windows\system32\dbghelp.dll
0x0000000076be0000 - 0x0000000076cda000 	C:\Windows\system32\USER32.dll
0x000007fefd170000 - 0x000007fefd1d7000 	C:\Windows\system32\GDI32.dll
0x000007fefede0000 - 0x000007fefedee000 	C:\Windows\system32\LPK.dll
0x000007fefe760000 - 0x000007fefe829000 	C:\Windows\system32\USP10.dll
0x00000000047a0000 - 0x0000000004a7c000 	C:\Program Files\MATLAB\R2012b\bin\win64\libmwservices.dll
0x0000000075a20000 - 0x0000000075af3000 	C:\Program Files\MATLAB\R2012b\bin\win64\libmx.dll
0x0000000004aa0000 - 0x0000000004ac9000 	C:\Program Files\MATLAB\R2012b\bin\win64\tbbmalloc.dll
0x000000007a210000 - 0x000000007a228000 	C:\Program Files\MATLAB\R2012b\bin\win64\zlib1.dll
0x0000000004af0000 - 0x0000000004b3d000 	C:\Program Files\MATLAB\R2012b\bin\win64\libmwregexp.dll
0x0000000004b50000 - 0x0000000004b73000 	C:\Program Files\MATLAB\R2012b\bin\win64\libmwmfl_scalar.dll
0x0000000075f10000 - 0x0000000075f60000 	C:\Program Files\MATLAB\R2012b\bin\win64\mpath.dll
0x000000007b680000 - 0x000000007bc9a000 	C:\Program Files\MATLAB\R2012b\bin\win64\mlutil.dll
0x00000000754d0000 - 0x0000000075551000 	C:\Program Files\MATLAB\R2012b\bin\win64\xmlcore.dll
0x0000000004bc0000 - 0x0000000004e13000 	C:\Program Files\MATLAB\R2012b\bin\win64\xerces-c_2_7.dll
0x0000000004e30000 - 0x0000000004e50000 	C:\Program Files\MATLAB\R2012b\bin\win64\libmwMATLAB_settings_res.dll
0x0000000004e60000 - 0x0000000004e70000 	C:\Program Files\MATLAB\R2012b\bin\win64\boost_iostreams-vc90-mt-1_44.dll
0x0000000004e80000 - 0x0000000004ec7000 	C:\Program Files\MATLAB\R2012b\bin\win64\boost_serialization-vc90-mt-1_44.dll
0x000007fefd320000 - 0x000007fefe0a9000 	C:\Windows\system32\SHELL32.dll
0x000007fefd010000 - 0x000007fefd081000 	C:\Windows\system32\SHLWAPI.dll
0x000007fef7d50000 - 0x000007fef7df0000 	C:\Windows\WinSxS\amd64_microsoft.windows.common-controls_6595b64144ccf1df_5.82.7601.18837_none_a4d981ff711297b6\COMCTL32.dll
0x000007fefcf70000 - 0x000007fefd007000 	C:\Windows\system32\COMDLG32.dll
0x000007fefabd0000 - 0x000007fefabe6000 	C:\Windows\system32\NETAPI32.dll
0x000007fefabc0000 - 0x000007fefabcc000 	C:\Windows\system32\netutils.dll
0x000007fefc690000 - 0x000007fefc6b3000 	C:\Windows\system32\srvcli.dll
0x000007fefaba0000 - 0x000007fefabb5000 	C:\Windows\system32\wkscli.dll
0x000007fefe0b0000 - 0x000007fefe2b3000 	C:\Windows\system32\ole32.dll
0x000007fefd1e0000 - 0x000007fefd2b7000 	C:\Windows\system32\OLEAUT32.dll
0x0000000074970000 - 0x0000000074a31000 	C:\Program Files\MATLAB\R2012b\bin\win64\mcr.dll
0x0000000075000000 - 0x00000000753e9000 	C:\Program Files\MATLAB\R2012b\bin\win64\iqm.dll
0x0000000074e80000 - 0x0000000074f38000 	C:\Program Files\MATLAB\R2012b\bin\win64\m_dispatcher.dll
0x0000000074880000 - 0x000000007496d000 	C:\Program Files\MATLAB\R2012b\bin\win64\boost_regex-vc90-mt-1_44.dll
0x000007fee5810000 - 0x000007fee6081000 	C:\Program Files\MATLAB\R2012b\bin\win64\m_interpreter.dll
0x0000000069dc0000 - 0x0000000069de7000 	C:\Program Files\MATLAB\R2012b\bin\win64\libmex.dll
0x0000000069d30000 - 0x0000000069db4000 	C:\Program Files\MATLAB\R2012b\bin\win64\profiler.dll
0x0000000004f50000 - 0x00000000051ba000 	C:\Program Files\MATLAB\R2012b\bin\win64\libmwmathutil.dll
0x0000000079f40000 - 0x0000000079f6e000 	C:\Program Files\MATLAB\R2012b\bin\win64\libmwmathrng.dll
0x00000000051e0000 - 0x00000000051f2000 	C:\Program Files\MATLAB\R2012b\bin\win64\libmwmfl_rng.dll
0x0000000074c10000 - 0x0000000074cee000 	C:\Program Files\MATLAB\R2012b\bin\win64\libmwmathcore.dll
0x0000000076160000 - 0x00000000761ca000 	C:\Program Files\MATLAB\R2012b\bin\win64\libmwspmatrix.dll
0x0000000075ea0000 - 0x0000000075f02000 	C:\Program Files\MATLAB\R2012b\bin\win64\libmwcholmod.dll
0x000000007a460000 - 0x000000007a46d000 	C:\Program Files\MATLAB\R2012b\bin\win64\libmwamd.dll
0x000000007a4b0000 - 0x000000007a4bc000 	C:\Program Files\MATLAB\R2012b\bin\win64\libmwcolamd.dll
0x000000007a290000 - 0x000000007a2a9000 	C:\Program Files\MATLAB\R2012b\bin\win64\libmwblas.dll
0x000000007a310000 - 0x000000007a321000 	C:\Program Files\MATLAB\R2012b\bin\win64\libmwbinder.dll
0x000000007a4d0000 - 0x000000007a4dc000 	C:\Program Files\MATLAB\R2012b\bin\win64\libmwompwrapper.dll
0x0000000005290000 - 0x0000000005315000 	C:\Program Files\MATLAB\R2012b\bin\win64\libmwlapack.dll
0x0000000069d00000 - 0x0000000069d21000 	C:\Program Files\MATLAB\R2012b\bin\win64\m_pcodeio.dll
0x0000000079b10000 - 0x0000000079b77000 	C:\Program Files\MATLAB\R2012b\bin\win64\m_ir.dll
0x000000005df00000 - 0x000000005e570000 	C:\Program Files\MATLAB\R2012b\bin\win64\m_parser.dll
0x0000000069ce0000 - 0x0000000069cfa000 	C:\Program Files\MATLAB\R2012b\bin\win64\ir_xfmr.dll
0x000007feed680000 - 0x000007feed916000 	C:\Program Files\MATLAB\R2012b\bin\win64\mcos.dll
0x0000000069cc0000 - 0x0000000069cd1000 	C:\Program Files\MATLAB\R2012b\bin\win64\mtok.dll
0x0000000068380000 - 0x00000000683b1000 	C:\Program Files\MATLAB\R2012b\bin\win64\m_pcodegen.dll
0x0000000079fb0000 - 0x0000000079fe6000 	C:\Program Files\MATLAB\R2012b\bin\win64\libmwbridge.dll
0x00000000682b0000 - 0x0000000068378000 	C:\Program Files\MATLAB\R2012b\bin\win64\udd.dll
0x0000000068150000 - 0x00000000682a2000 	C:\Program Files\MATLAB\R2012b\bin\win64\libmwgui.dll
0x0000000069ca0000 - 0x0000000069cb7000 	C:\Program Files\MATLAB\R2012b\bin\win64\graphics_util.dll
0x000000005d4a0000 - 0x000000005deff000 	C:\Program Files\MATLAB\R2012b\bin\win64\hg.dll
0x00000000053f0000 - 0x0000000005458000 	C:\Program Files\MATLAB\R2012b\bin\win64\libmat.dll
0x0000000005470000 - 0x0000000005684000 	C:\Program Files\MATLAB\R2012b\bin\win64\hdf5dll.dll
0x0000000075710000 - 0x00000000757de000 	C:\Program Files\MATLAB\R2012b\bin\win64\jmi.dll
0x00000000056b0000 - 0x00000000056bd000 	C:\Program Files\MATLAB\R2012b\bin\win64\nativejava_services.dll
0x0000000068100000 - 0x0000000068146000 	C:\Program Files\MATLAB\R2012b\bin\win64\libmwhardcopy.dll
0x0000000068090000 - 0x00000000680f3000 	C:\Program Files\MATLAB\R2012b\bin\win64\libuij.dll
0x0000000066220000 - 0x0000000066484000 	C:\Program Files\MATLAB\R2012b\bin\win64\hgdatatypes.dll
0x0000000067f70000 - 0x000000006808f000 	C:\Program Files\MATLAB\R2012b\bin\win64\hgutils.dll
0x0000000066160000 - 0x0000000066220000 	C:\Program Files\MATLAB\R2012b\bin\win64\udd_mi.dll
0x0000000005720000 - 0x000000000575b000 	C:\Program Files\MATLAB\R2012b\bin\win64\libmwgbtutils.dll
0x0000000005770000 - 0x000000000578b000 	C:\Program Files\MATLAB\R2012b\bin\win64\libmwgbt.dll
0x00000000057a0000 - 0x0000000005a71000 	C:\Program Files\MATLAB\R2012b\bin\win64\uiw.dll
0x000000006fce0000 - 0x000000006fcef000 	C:\Program Files\MATLAB\R2012b\bin\win64\uinone.dll
0x0000000005aa0000 - 0x0000000005ac9000 	C:\Program Files\MATLAB\R2012b\bin\win64\libmwnativefiledialogs.dll
0x0000000005ae0000 - 0x0000000005ae8000 	C:\Program Files\MATLAB\R2012b\bin\win64\libmwplatform_res.dll
0x000007fef7c70000 - 0x000007fef7c88000 	C:\Windows\system32\MPR.dll
0x0000000060e10000 - 0x00000000612f4000 	C:\Windows\WinSxS\amd64_microsoft.vc90.mfc_1fc8b3b9a1e18e3b_9.0.30729.6161_none_044aad0bab1eb146\mfc90.dll
0x000007fef1360000 - 0x000007fef1367000 	C:\Windows\system32\MSIMG32.dll
0x000007fef7a00000 - 0x000007fef7a71000 	C:\Windows\system32\WINSPOOL.DRV
0x0000000068780000 - 0x00000000687a2000 	C:\Program Files\MATLAB\R2012b\bin\win64\mwoles05.DLL
0x0000000067620000 - 0x000000006769d000 	C:\Program Files\MATLAB\R2012b\bin\win64\comcli.dll
0x0000000066490000 - 0x00000000664bf000 	C:\Windows\WinSxS\amd64_microsoft.vc90.atl_1fc8b3b9a1e18e3b_9.0.30729.6161_none_0a1fd3a3a768b895\ATL90.DLL
0x000000006ce80000 - 0x000000006ce8c000 	C:\Program Files\MATLAB\R2012b\bin\win64\mlautoregister.dll
0x000007fefc9f0000 - 0x000007fefca47000 	C:\Windows\system32\apphelp.dll
0x000007fef93c0000 - 0x000007fef9411000 	C:\Windows\AppPatch\AppPatch64\AcGenral.DLL
0x000007fefc9c0000 - 0x000007fefc9e5000 	C:\Windows\system32\SspiCli.dll
0x0000000070350000 - 0x0000000070353000 	C:\Windows\system32\sfc.dll
0x000007fef67c0000 - 0x000007fef67d0000 	C:\Windows\system32\sfc_os.DLL
0x000007fefcdb0000 - 0x000007fefcdce000 	C:\Windows\system32\USERENV.dll
0x000007fefcbc0000 - 0x000007fefcbcf000 	C:\Windows\system32\profapi.dll
0x000007fefaec0000 - 0x000007fefaed8000 	C:\Windows\system32\dwmapi.dll
0x000007fefea10000 - 0x000007fefea3e000 	C:\Windows\system32\IMM32.DLL
0x000007feff000000 - 0x000007feff109000 	C:\Windows\system32\MSCTF.dll
0x0000000005b50000 - 0x0000000005b5a000 	C:\Windows\KATRK64.DLL
0x000007fefbae0000 - 0x000007fefbaf1000 	C:\Windows\system32\WTSAPI32.dll
0x000007fefb2f0000 - 0x000007fefb346000 	C:\Windows\system32\UxTheme.dll
0x000000006cbf0000 - 0x000000006cbfd000 	C:\Windows\WinSxS\amd64_microsoft.vc90.mfcloc_1fc8b3b9a1e18e3b_9.0.30729.6161_none_01c9581e60cbee58\MFC90ENU.DLL
0x0000000005bb0000 - 0x0000000005bbf000 	C:\Program Files\MATLAB\R2012b\bin\win64\xmlxrcsc.dll

VM Arguments:
jvm_args: -Xss512k -XX:PermSize=32m -Xms64m -XX:NewRatio=3 -XX:MaxPermSize=128m -Xmx196m -XX:MaxDirectMemorySize=2147400000 -Dsun.java2d.noddraw=true -Dsun.awt.nopixfmt=true -Xshare:off -Xrs -Dsun.awt.disableMixing=true -Djava.library.path=C:\Program Files\MATLAB\R2012b\bin\win64;C:\Program Files\MATLAB\R2012b\sys\jxbrowser\win64\lib vfprintf abort 
java_command: <unknown>
Launcher Type: generic

Environment Variables:
PATH=C:\gstreamer-sdk\0.10\x86_64\bin;C:\ProgramData\Oracle\Java\javapath;C:\Windows\system32;C:\Windows;C:\Windows\System32\Wbem;C:\Windows\System32\WindowsPowerShell\v1.0\;C:\Program Files (x86)\Intel\OpenCL SDK\2.0\bin\x86;C:\Program Files (x86)\Intel\OpenCL SDK\2.0\bin\x64;C:\Program Files\MATLAB\R2012b\runtime\win64;C:\Program Files\MATLAB\R2012b\bin;C:\Program Files\SlikSvn\bin;C:\Program Files (x86)\PsychoPy2;C:\Program Files (x86)\PsychoPy2\DLLs;C:\Program Files\TortoiseSVN\bin;C:\Program Files (x86)\Inkscape;C:\Python27\Scripts;C:\Program Files (x86)\Skype\Phone\
USERNAME=Brooks
OS=Windows_NT
PROCESSOR_IDENTIFIER=Intel64 Family 6 Model 58 Stepping 9, GenuineIntel



---------------  S Y S T E M  ---------------

OS: Windows 7 Build 7601 Service Pack 1

CPU:total 4 (8 cores per cpu, 2 threads per core) family 6 model 58 stepping 9, cmov, cx8, fxsr, mmx, sse, sse2, sse3, ssse3, sse4.1, sse4.2, ht

Memory: 4k page, physical 8293068k(4991688k free), swap 16584284k(12437260k free)

vm_info: Java HotSpot(TM) 64-Bit Server VM (14.3-b01) for windows-amd64 JRE (1.6.0_17-b04), built on Oct 11 2009 00:46:08 by "java_re" with MS VC++ 8.0

time: Tue Feb 23 14:09:28 2016
elapsed time: 87400 seconds

